<?xml version="1.0" encoding="UTF-8"?>
<!-- Generated by org.testng.reporters.JUnitReportReporter -->
<testsuite hostname="DESKTOP-VV0NNBG" failures="0" tests="1" name="Matrika.DashBoard" time="150.020" errors="0" timestamp="2024-07-22T15:03:51 IST" skipped="0">
  <testcase classname="Matrika.DashBoard" name="dashBoardElements" time="150.020"/>
  <system-out/>
</testsuite> <!-- Matrika.DashBoard -->
