<?xml version="1.0" encoding="UTF-8"?>
<!-- Generated by org.testng.reporters.JUnitReportReporter -->
<testsuite hostname="DESKTOP-VV0NNBG" failures="0" tests="1" name="Matrika.Login" time="121.131" errors="0" timestamp="2024-07-22T17:09:16 IST" skipped="0">
  <testcase classname="Matrika.Login" name="LoginOperation" time="121.131"/>
  <system-out/>
</testsuite> <!-- Matrika.Login -->
